\BOOKMARK [1][-]{section*.3}{Introduction}{}% 1
\BOOKMARK [1][-]{section.1}{Th\351orie de la transition n\351matique-isotrope}{}% 2
\BOOKMARK [2][-]{subsection.1.1}{La phase n\351matique}{section.1}% 3
\BOOKMARK [2][-]{subsection.1.2}{Le param\350tre d'ordre}{section.1}% 4
\BOOKMARK [1][-]{section.2}{M\351thodes num\351riques}{}% 5
\BOOKMARK [2][-]{subsection.2.1}{Mod\350le de Lebwohl-Lasher}{section.2}% 6
\BOOKMARK [2][-]{subsection.2.2}{Algorithme Monte-Carlo}{section.2}% 7
\BOOKMARK [2][-]{subsection.2.3}{\311quiprobabilit\351 des directions}{section.2}% 8
\BOOKMARK [2][-]{subsection.2.4}{Ratio d'acceptation}{section.2}% 9
\BOOKMARK [2][-]{subsection.2.5}{D\351roulement d'une simulation}{section.2}% 10
\BOOKMARK [2][-]{subsection.2.6}{Langage de programmation}{section.2}% 11
\BOOKMARK [1][-]{section.3}{Transition n\351matique-isotrope}{}% 12
\BOOKMARK [2][-]{subsection.3.1}{Echelle de temp\351rature et d'\351nergie.}{section.3}% 13
\BOOKMARK [2][-]{subsection.3.2}{Observation de la transition}{section.3}% 14
\BOOKMARK [2][-]{subsection.3.3}{Temp\351rature de transition}{section.3}% 15
\BOOKMARK [2][-]{subsection.3.4}{Histogramme en \351nergie}{section.3}% 16
\BOOKMARK [1][-]{section.4}{Influence d'un champ \351lectrique}{}% 17
\BOOKMARK [1][-]{section*.15}{Conclusion}{}% 18
\BOOKMARK [1][-]{appendix.A}{Premi\350re annexe}{}% 19
\BOOKMARK [1][-]{section*.16}{R\351f\351rences}{}% 20
